<?xml version="1.0" encoding="UTF-8"?>
<!-- Generated by org.testng.reporters.JUnitReportReporter -->
<testsuite hostname="cutepuja" failures="0" tests="2" name="Testdata.Contacstest" time="50.442" errors="0" timestamp="30 Mar 2020 16:34:09 GMT" skipped="0">
  <testcase classname="Testdata.Contacstest" name="verifycontactslabel" time="25.780"/>
  <testcase classname="Testdata.Contacstest" name="selectcontactstest" time="24.662"/>
</testsuite> <!-- Testdata.Contacstest -->
